

CmdLine:	C:\Users\braneyf\Desktop\Backup Stuff\Minesweeper\Minesweeper.exe --l4j-debug
WOW64:		no
Check launcher:	 (n/a)
64-bit search:	SOFTWARE\JavaSoft\Java Runtime Environment...
32-bit search:	SOFTWARE\JavaSoft\Java Runtime Environment...
Match:		SOFTWARE\JavaSoft\Java Runtime Environment\1.6
Match:		SOFTWARE\JavaSoft\Java Runtime Environment\1.6.0_33
Match:		SOFTWARE\JavaSoft\Java Runtime Environment\1.7
Match:		SOFTWARE\JavaSoft\Java Runtime Environment\1.7.0_15
64-bit search:	SOFTWARE\JavaSoft\Java Development Kit...
32-bit search:	SOFTWARE\JavaSoft\Java Development Kit...
Ignore:		SOFTWARE\JavaSoft\Java Development Kit\1.7
Ignore:		SOFTWARE\JavaSoft\Java Development Kit\1.7.0_11
Check launcher:	C:\Program Files\Java\jre7\bin\javaw.exe (OK)
Launcher:	C:\Program Files\Java\jre7\bin\javaw.exe
Launcher args:	-jar "C:\Users\braneyf\Desktop\Backup Stuff\Minesweeper\Minesweeper.exe"
Args length:	72/32768 chars
Exit code:	0


CmdLine:	C:\Users\braneyf\Desktop\Backup Stuff\Minesweeper\Minesweeper.exe --l4j-debug
WOW64:		no
Check launcher:	 (n/a)
64-bit search:	SOFTWARE\JavaSoft\Java Runtime Environment...
32-bit search:	SOFTWARE\JavaSoft\Java Runtime Environment...
Match:		SOFTWARE\JavaSoft\Java Runtime Environment\1.6
Match:		SOFTWARE\JavaSoft\Java Runtime Environment\1.6.0_33
Match:		SOFTWARE\JavaSoft\Java Runtime Environment\1.7
Match:		SOFTWARE\JavaSoft\Java Runtime Environment\1.7.0_15
64-bit search:	SOFTWARE\JavaSoft\Java Development Kit...
32-bit search:	SOFTWARE\JavaSoft\Java Development Kit...
Ignore:		SOFTWARE\JavaSoft\Java Development Kit\1.7
Ignore:		SOFTWARE\JavaSoft\Java Development Kit\1.7.0_11
Check launcher:	C:\Program Files\Java\jre7\bin\javaw.exe (OK)
Launcher:	C:\Program Files\Java\jre7\bin\javaw.exe
Launcher args:	-jar "C:\Users\braneyf\Desktop\Backup Stuff\Minesweeper\Minesweeper.exe"
Args length:	72/32768 chars
Exit code:	0
